2023-10-30 09:04:17,354 INFO o.s.b.StartupInfoLogger.logStarting [restartedMain] Starting EsimGatewayTransformerApplication using Java 17.0.7 on N-5CG1417NTF with PID 50716 (C:\Users\shotyagi\Desktop\OPTUS\STS_WS\EsimGatewayTransformer\target\classes started by shotyagi in C:\Users\shotyagi\Desktop\OPTUS\STS_WS\EsimGatewayTransformer)
2023-10-30 09:04:17,375 INFO o.s.b.SpringApplication.logStartupProfileInfo [restartedMain] No active profile set, falling back to default profiles: default
2023-10-30 09:04:17,503 INFO o.s.b.l.DeferredLog.logTo [restartedMain] Devtools property defaults active! Set 'spring.devtools.add-properties' to 'false' to disable
2023-10-30 09:04:17,503 INFO o.s.b.l.DeferredLog.logTo [restartedMain] For additional web related logging consider setting the 'logging.level.web' property to 'DEBUG'
2023-10-30 09:04:18,127 WARN o.s.c.s.AbstractApplicationContext.refresh [restartedMain] Exception encountered during context initialization - cancelling refresh attempt: org.springframework.beans.factory.BeanDefinitionStoreException: Failed to parse configuration class [com.nokia.esim.EsimGatewayTransformerApplication]; nested exception is java.io.FileNotFoundException: .\eSimGwTransformer.properties (The system cannot find the file specified)
2023-10-30 09:04:18,214 ERROR o.s.b.SpringApplication.reportFailure [restartedMain] Application run failed
org.springframework.beans.factory.BeanDefinitionStoreException: Failed to parse configuration class [com.nokia.esim.EsimGatewayTransformerApplication]; nested exception is java.io.FileNotFoundException: .\eSimGwTransformer.properties (The system cannot find the file specified)
	at org.springframework.context.annotation.ConfigurationClassParser.parse(ConfigurationClassParser.java:189)
	at org.springframework.context.annotation.ConfigurationClassPostProcessor.processConfigBeanDefinitions(ConfigurationClassPostProcessor.java:336)
	at org.springframework.context.annotation.ConfigurationClassPostProcessor.postProcessBeanDefinitionRegistry(ConfigurationClassPostProcessor.java:252)
	at org.springframework.context.support.PostProcessorRegistrationDelegate.invokeBeanDefinitionRegistryPostProcessors(PostProcessorRegistrationDelegate.java:285)
	at org.springframework.context.support.PostProcessorRegistrationDelegate.invokeBeanFactoryPostProcessors(PostProcessorRegistrationDelegate.java:99)
	at org.springframework.context.support.AbstractApplicationContext.invokeBeanFactoryPostProcessors(AbstractApplicationContext.java:751)
	at org.springframework.context.support.AbstractApplicationContext.refresh(AbstractApplicationContext.java:569)
	at org.springframework.boot.web.servlet.context.ServletWebServerApplicationContext.refresh(ServletWebServerApplicationContext.java:144)
	at org.springframework.boot.SpringApplication.refresh(SpringApplication.java:767)
	at org.springframework.boot.SpringApplication.refresh(SpringApplication.java:759)
	at org.springframework.boot.SpringApplication.refreshContext(SpringApplication.java:426)
	at org.springframework.boot.SpringApplication.run(SpringApplication.java:326)
	at org.springframework.boot.SpringApplication.run(SpringApplication.java:1309)
	at org.springframework.boot.SpringApplication.run(SpringApplication.java:1298)
	at com.nokia.esim.EsimGatewayTransformerApplication.main(EsimGatewayTransformerApplication.java:12)
	at java.base/jdk.internal.reflect.NativeMethodAccessorImpl.invoke0(Native Method)
	at java.base/jdk.internal.reflect.NativeMethodAccessorImpl.invoke(NativeMethodAccessorImpl.java:77)
	at java.base/jdk.internal.reflect.DelegatingMethodAccessorImpl.invoke(DelegatingMethodAccessorImpl.java:43)
	at java.base/java.lang.reflect.Method.invoke(Method.java:568)
	at org.springframework.boot.devtools.restart.RestartLauncher.run(RestartLauncher.java:49)
Caused by: java.io.FileNotFoundException: .\eSimGwTransformer.properties (The system cannot find the file specified)
	at java.base/java.io.FileInputStream.open0(Native Method)
	at java.base/java.io.FileInputStream.open(FileInputStream.java:216)
	at java.base/java.io.FileInputStream.<init>(FileInputStream.java:157)
	at java.base/java.io.FileInputStream.<init>(FileInputStream.java:111)
	at java.base/sun.net.www.protocol.file.FileURLConnection.connect(FileURLConnection.java:86)
	at java.base/sun.net.www.protocol.file.FileURLConnection.getInputStream(FileURLConnection.java:189)
	at org.springframework.core.io.UrlResource.getInputStream(UrlResource.java:186)
	at org.springframework.core.io.support.EncodedResource.getInputStream(EncodedResource.java:159)
	at org.springframework.core.io.support.PropertiesLoaderUtils.fillProperties(PropertiesLoaderUtils.java:110)
	at org.springframework.core.io.support.PropertiesLoaderUtils.fillProperties(PropertiesLoaderUtils.java:81)
	at org.springframework.core.io.support.PropertiesLoaderUtils.loadProperties(PropertiesLoaderUtils.java:67)
	at org.springframework.core.io.support.ResourcePropertySource.<init>(ResourcePropertySource.java:67)
	at org.springframework.core.io.support.DefaultPropertySourceFactory.createPropertySource(DefaultPropertySourceFactory.java:37)
	at org.springframework.context.annotation.ConfigurationClassParser.processPropertySource(ConfigurationClassParser.java:463)
	at org.springframework.context.annotation.ConfigurationClassParser.doProcessConfigurationClass(ConfigurationClassParser.java:280)
	at org.springframework.context.annotation.ConfigurationClassParser.processConfigurationClass(ConfigurationClassParser.java:250)
	at org.springframework.context.annotation.ConfigurationClassParser.parse(ConfigurationClassParser.java:199)
	at org.springframework.context.annotation.ConfigurationClassParser.doProcessConfigurationClass(ConfigurationClassParser.java:304)
	at org.springframework.context.annotation.ConfigurationClassParser.processConfigurationClass(ConfigurationClassParser.java:250)
	at org.springframework.context.annotation.ConfigurationClassParser.parse(ConfigurationClassParser.java:207)
	at org.springframework.context.annotation.ConfigurationClassParser.parse(ConfigurationClassParser.java:175)
	... 19 common frames omitted
2023-10-30 09:05:59,715 INFO o.s.b.StartupInfoLogger.logStarting [restartedMain] Starting EsimGatewayTransformerApplication using Java 17.0.7 on N-5CG1417NTF with PID 26384 (C:\Users\shotyagi\Desktop\OPTUS\STS_WS\EsimGatewayTransformer\target\classes started by shotyagi in C:\Users\shotyagi\Desktop\OPTUS\STS_WS\EsimGatewayTransformer)
2023-10-30 09:05:59,725 INFO o.s.b.SpringApplication.logStartupProfileInfo [restartedMain] No active profile set, falling back to default profiles: default
2023-10-30 09:05:59,849 INFO o.s.b.l.DeferredLog.logTo [restartedMain] Devtools property defaults active! Set 'spring.devtools.add-properties' to 'false' to disable
2023-10-30 09:05:59,849 INFO o.s.b.l.DeferredLog.logTo [restartedMain] For additional web related logging consider setting the 'logging.level.web' property to 'DEBUG'
2023-10-30 09:06:02,476 INFO o.s.b.w.e.t.TomcatWebServer.initialize [restartedMain] Tomcat initialized with port(s): 8082 (http)
2023-10-30 09:06:02,506 INFO o.a.j.l.DirectJDKLog.log [restartedMain] Initializing ProtocolHandler ["http-nio-8082"]
2023-10-30 09:06:02,507 INFO o.a.j.l.DirectJDKLog.log [restartedMain] Starting service [Tomcat]
2023-10-30 09:06:02,508 INFO o.a.j.l.DirectJDKLog.log [restartedMain] Starting Servlet engine: [Apache Tomcat/9.0.39]
2023-10-30 09:06:02,718 INFO o.a.j.l.DirectJDKLog.log [restartedMain] Initializing Spring embedded WebApplicationContext
2023-10-30 09:06:02,718 INFO o.s.b.w.s.c.ServletWebServerApplicationContext.prepareWebApplicationContext [restartedMain] Root WebApplicationContext: initialization completed in 2867 ms
2023-10-30 09:06:03,398 INFO o.s.s.c.ExecutorConfigurationSupport.initialize [restartedMain] Initializing ExecutorService 'applicationTaskExecutor'
2023-10-30 09:06:04,122 INFO o.s.b.d.a.OptionalLiveReloadServer.startServer [restartedMain] LiveReload server is running on port 35729
2023-10-30 09:06:04,188 INFO o.a.j.l.DirectJDKLog.log [restartedMain] Starting ProtocolHandler ["http-nio-8082"]
2023-10-30 09:06:04,310 INFO o.s.b.w.e.t.TomcatWebServer.start [restartedMain] Tomcat started on port(s): 8082 (http) with context path '/gsma/rsp2/es2plus'
2023-10-30 09:06:04,340 INFO o.s.b.StartupInfoLogger.logStarted [restartedMain] Started EsimGatewayTransformerApplication in 5.729 seconds (JVM running for 7.42)
2023-10-30 09:06:34,588 INFO o.a.j.l.DirectJDKLog.log [http-nio-8082-exec-1] Initializing Spring DispatcherServlet 'dispatcherServlet'
2023-10-30 09:06:34,589 INFO o.s.w.s.FrameworkServlet.initServletBean [http-nio-8082-exec-1] Initializing Servlet 'dispatcherServlet'
2023-10-30 09:06:34,590 INFO o.s.w.s.FrameworkServlet.initServletBean [http-nio-8082-exec-1] Completed initialization in 1 ms
2023-10-30 09:06:34,759 INFO c.n.e.c.TransformerController.prepareEsimProfile [http-nio-8082-exec-1] Request received for prepareEsimProfile
2023-10-30 09:06:34,760 INFO c.n.e.s.TransformerServiceImpl.prepareEsimProfile [http-nio-8082-exec-1] PrepareEsimProfileRequestDto(requestId=1137469, sourceSystem=SDP, iccId=8961026023405422004, smdpName=oberthur, msisdn=, eid=89311012012341234012345678903235, reservationType=EID, releaseFlag=true, orderId=900012)Validating PrepareEsimProfile Request
2023-10-30 09:06:34,761 INFO c.n.e.s.CommonServiceImpl.validatePrepareEsimProfileRequest [http-nio-8082-exec-1] PrepareEsimProfileRequestDto(requestId=1137469, sourceSystem=SDP, iccId=8961026023405422004, smdpName=oberthur, msisdn=, eid=89311012012341234012345678903235, reservationType=EID, releaseFlag=true, orderId=900012)Validation Success - PrepareEsimProfileRequest
2023-10-30 09:06:34,762 INFO c.n.e.s.TransformerServiceImpl.prepareEsimProfile [http-nio-8082-exec-1] PrepareEsimProfileRequestDto(requestId=1137469, sourceSystem=SDP, iccId=8961026023405422004, smdpName=oberthur, msisdn=, eid=89311012012341234012345678903235, reservationType=EID, releaseFlag=true, orderId=900012)Sending Download Order request
2023-10-30 09:06:39,949 INFO c.n.e.s.CommonServiceImpl.sendPostRequest [http-nio-8082-exec-1] Headers :: [Content-Type:"application/json"], Request Body :: {"eid":"89311012012341234012345678903235","iccid":"8961026023405422004","header":{"functionRequesterIdentifier":"1.3.6.1.4.1.19914","functionCallIdentifier":"Optus"}}
2023-10-30 09:06:43,419 ERROR c.n.e.s.TransformerServiceImpl.prepareEsimProfile [http-nio-8082-exec-1] PrepareEsimProfileRequestDto(requestId=1137469, sourceSystem=SDP, iccId=8961026023405422004, smdpName=oberthur, msisdn=, eid=89311012012341234012345678903235, reservationType=EID, releaseFlag=true, orderId=900012)sendPostRequest failed for URL:http://10.76.117.91:9091/gsma/rsp2/es2plus/downloadOrder
2023-10-30 09:06:43,423 ERROR c.n.e.s.TransformerServiceImpl.prepareEsimProfile [http-nio-8082-exec-1] PrepareEsimProfileRequestDto(requestId=1137469, sourceSystem=SDP, iccId=8961026023405422004, smdpName=oberthur, msisdn=, eid=89311012012341234012345678903235, reservationType=EID, releaseFlag=true, orderId=900012)org.springframework.web.client.ResourceAccessException: I/O error on POST request for "http://10.76.117.91:9091/gsma/rsp2/es2plus/downloadOrder": Connection refused: no further information; nested exception is java.net.ConnectException: Connection refused: no further information
	at org.springframework.web.client.RestTemplate.doExecute(RestTemplate.java:784)
	at org.springframework.web.client.RestTemplate.execute(RestTemplate.java:710)
	at org.springframework.web.client.RestTemplate.postForEntity(RestTemplate.java:467)
	at com.nokia.esim.service.CommonServiceImpl.sendPostRequest(CommonServiceImpl.java:61)
	at com.nokia.esim.service.TransformerServiceImpl.sendDownloadOrderRequest(TransformerServiceImpl.java:527)
	at com.nokia.esim.service.TransformerServiceImpl.prepareEsimProfile(TransformerServiceImpl.java:171)
	at com.nokia.esim.service.TransformerServiceImpl.prepareEsimProfile(TransformerServiceImpl.java:151)
	at com.nokia.esim.controller.TransformerController.prepareEsimProfile(TransformerController.java:87)
	at java.base/jdk.internal.reflect.NativeMethodAccessorImpl.invoke0(Native Method)
	at java.base/jdk.internal.reflect.NativeMethodAccessorImpl.invoke(NativeMethodAccessorImpl.java:77)
	at java.base/jdk.internal.reflect.DelegatingMethodAccessorImpl.invoke(DelegatingMethodAccessorImpl.java:43)
	at java.base/java.lang.reflect.Method.invoke(Method.java:568)
	at org.springframework.web.method.support.InvocableHandlerMethod.doInvoke(InvocableHandlerMethod.java:197)
	at org.springframework.web.method.support.InvocableHandlerMethod.invokeForRequest(InvocableHandlerMethod.java:141)
	at org.springframework.web.servlet.mvc.method.annotation.ServletInvocableHandlerMethod.invokeAndHandle(ServletInvocableHandlerMethod.java:106)
	at org.springframework.web.servlet.mvc.method.annotation.RequestMappingHandlerAdapter.invokeHandlerMethod(RequestMappingHandlerAdapter.java:893)
	at org.springframework.web.servlet.mvc.method.annotation.RequestMappingHandlerAdapter.handleInternal(RequestMappingHandlerAdapter.java:807)
	at org.springframework.web.servlet.mvc.method.AbstractHandlerMethodAdapter.handle(AbstractHandlerMethodAdapter.java:87)
	at org.springframework.web.servlet.DispatcherServlet.doDispatch(DispatcherServlet.java:1061)
	at org.springframework.web.servlet.DispatcherServlet.doService(DispatcherServlet.java:961)
	at org.springframework.web.servlet.FrameworkServlet.processRequest(FrameworkServlet.java:1006)
	at org.springframework.web.servlet.FrameworkServlet.doPost(FrameworkServlet.java:909)
	at javax.servlet.http.HttpServlet.service(HttpServlet.java:652)
	at org.springframework.web.servlet.FrameworkServlet.service(FrameworkServlet.java:883)
	at javax.servlet.http.HttpServlet.service(HttpServlet.java:733)
	at org.apache.catalina.core.ApplicationFilterChain.internalDoFilter(ApplicationFilterChain.java:231)
	at org.apache.catalina.core.ApplicationFilterChain.doFilter(ApplicationFilterChain.java:166)
	at org.apache.tomcat.websocket.server.WsFilter.doFilter(WsFilter.java:53)
	at org.apache.catalina.core.ApplicationFilterChain.internalDoFilter(ApplicationFilterChain.java:193)
	at org.apache.catalina.core.ApplicationFilterChain.doFilter(ApplicationFilterChain.java:166)
	at org.springframework.web.filter.RequestContextFilter.doFilterInternal(RequestContextFilter.java:100)
	at org.springframework.web.filter.OncePerRequestFilter.doFilter(OncePerRequestFilter.java:119)
	at org.apache.catalina.core.ApplicationFilterChain.internalDoFilter(ApplicationFilterChain.java:193)
	at org.apache.catalina.core.ApplicationFilterChain.doFilter(ApplicationFilterChain.java:166)
	at org.springframework.web.filter.FormContentFilter.doFilterInternal(FormContentFilter.java:93)
	at org.springframework.web.filter.OncePerRequestFilter.doFilter(OncePerRequestFilter.java:119)
	at org.apache.catalina.core.ApplicationFilterChain.internalDoFilter(ApplicationFilterChain.java:193)
	at org.apache.catalina.core.ApplicationFilterChain.doFilter(ApplicationFilterChain.java:166)
	at org.springframework.web.filter.CharacterEncodingFilter.doFilterInternal(CharacterEncodingFilter.java:201)
	at org.springframework.web.filter.OncePerRequestFilter.doFilter(OncePerRequestFilter.java:119)
	at org.apache.catalina.core.ApplicationFilterChain.internalDoFilter(ApplicationFilterChain.java:193)
	at org.apache.catalina.core.ApplicationFilterChain.doFilter(ApplicationFilterChain.java:166)
	at org.apache.catalina.core.StandardWrapperValve.invoke(StandardWrapperValve.java:202)
	at org.apache.catalina.core.StandardContextValve.invoke(StandardContextValve.java:97)
	at org.apache.catalina.authenticator.AuthenticatorBase.invoke(AuthenticatorBase.java:542)
	at org.apache.catalina.core.StandardHostValve.invoke(StandardHostValve.java:143)
	at org.apache.catalina.valves.ErrorReportValve.invoke(ErrorReportValve.java:92)
	at org.apache.catalina.core.StandardEngineValve.invoke(StandardEngineValve.java:78)
	at org.apache.catalina.connector.CoyoteAdapter.service(CoyoteAdapter.java:343)
	at org.apache.coyote.http11.Http11Processor.service(Http11Processor.java:374)
	at org.apache.coyote.AbstractProcessorLight.process(AbstractProcessorLight.java:65)
	at org.apache.coyote.AbstractProtocol$ConnectionHandler.process(AbstractProtocol.java:868)
	at org.apache.tomcat.util.net.NioEndpoint$SocketProcessor.doRun(NioEndpoint.java:1590)
	at org.apache.tomcat.util.net.SocketProcessorBase.run(SocketProcessorBase.java:49)
	at java.base/java.util.concurrent.ThreadPoolExecutor.runWorker(ThreadPoolExecutor.java:1136)
	at java.base/java.util.concurrent.ThreadPoolExecutor$Worker.run(ThreadPoolExecutor.java:635)
	at org.apache.tomcat.util.threads.TaskThread$WrappingRunnable.run(TaskThread.java:61)
	at java.base/java.lang.Thread.run(Thread.java:833)
Caused by: java.net.ConnectException: Connection refused: no further information
	at java.base/sun.nio.ch.Net.pollConnect(Native Method)
	at java.base/sun.nio.ch.Net.pollConnectNow(Net.java:672)
	at java.base/sun.nio.ch.NioSocketImpl.timedFinishConnect(NioSocketImpl.java:549)
	at java.base/sun.nio.ch.NioSocketImpl.connect(NioSocketImpl.java:597)
	at java.base/java.net.Socket.connect(Socket.java:633)
	at java.base/sun.net.NetworkClient.doConnect(NetworkClient.java:178)
	at java.base/sun.net.www.http.HttpClient.openServer(HttpClient.java:531)
	at java.base/sun.net.www.http.HttpClient.openServer(HttpClient.java:636)
	at java.base/sun.net.www.http.HttpClient.<init>(HttpClient.java:279)
	at java.base/sun.net.www.http.HttpClient.New(HttpClient.java:384)
	at java.base/sun.net.www.http.HttpClient.New(HttpClient.java:406)
	at java.base/sun.net.www.protocol.http.HttpURLConnection.getNewHttpClient(HttpURLConnection.java:1309)
	at java.base/sun.net.www.protocol.http.HttpURLConnection.plainConnect0(HttpURLConnection.java:1242)
	at java.base/sun.net.www.protocol.http.HttpURLConnection.plainConnect(HttpURLConnection.java:1128)
	at java.base/sun.net.www.protocol.http.HttpURLConnection.connect(HttpURLConnection.java:1057)
	at org.springframework.http.client.SimpleBufferingClientHttpRequest.executeInternal(SimpleBufferingClientHttpRequest.java:76)
	at org.springframework.http.client.AbstractBufferingClientHttpRequest.executeInternal(AbstractBufferingClientHttpRequest.java:48)
	at org.springframework.http.client.AbstractClientHttpRequest.execute(AbstractClientHttpRequest.java:66)
	at org.springframework.web.client.RestTemplate.doExecute(RestTemplate.java:775)
	... 57 more

2023-10-30 09:06:43,424 ERROR c.n.e.c.TransformerController.prepareEsimProfile [http-nio-8082-exec-1] com.nokia.esim.exception.TransformerException: I/O error on POST request for "http://10.76.117.91:9091/gsma/rsp2/es2plus/downloadOrder": Connection refused: no further information; nested exception is java.net.ConnectException: Connection refused: no further information
	at com.nokia.esim.service.TransformerServiceImpl.prepareEsimProfile(TransformerServiceImpl.java:232)
	at com.nokia.esim.service.TransformerServiceImpl.prepareEsimProfile(TransformerServiceImpl.java:151)
	at com.nokia.esim.controller.TransformerController.prepareEsimProfile(TransformerController.java:87)
	at java.base/jdk.internal.reflect.NativeMethodAccessorImpl.invoke0(Native Method)
	at java.base/jdk.internal.reflect.NativeMethodAccessorImpl.invoke(NativeMethodAccessorImpl.java:77)
	at java.base/jdk.internal.reflect.DelegatingMethodAccessorImpl.invoke(DelegatingMethodAccessorImpl.java:43)
	at java.base/java.lang.reflect.Method.invoke(Method.java:568)
	at org.springframework.web.method.support.InvocableHandlerMethod.doInvoke(InvocableHandlerMethod.java:197)
	at org.springframework.web.method.support.InvocableHandlerMethod.invokeForRequest(InvocableHandlerMethod.java:141)
	at org.springframework.web.servlet.mvc.method.annotation.ServletInvocableHandlerMethod.invokeAndHandle(ServletInvocableHandlerMethod.java:106)
	at org.springframework.web.servlet.mvc.method.annotation.RequestMappingHandlerAdapter.invokeHandlerMethod(RequestMappingHandlerAdapter.java:893)
	at org.springframework.web.servlet.mvc.method.annotation.RequestMappingHandlerAdapter.handleInternal(RequestMappingHandlerAdapter.java:807)
	at org.springframework.web.servlet.mvc.method.AbstractHandlerMethodAdapter.handle(AbstractHandlerMethodAdapter.java:87)
	at org.springframework.web.servlet.DispatcherServlet.doDispatch(DispatcherServlet.java:1061)
	at org.springframework.web.servlet.DispatcherServlet.doService(DispatcherServlet.java:961)
	at org.springframework.web.servlet.FrameworkServlet.processRequest(FrameworkServlet.java:1006)
	at org.springframework.web.servlet.FrameworkServlet.doPost(FrameworkServlet.java:909)
	at javax.servlet.http.HttpServlet.service(HttpServlet.java:652)
	at org.springframework.web.servlet.FrameworkServlet.service(FrameworkServlet.java:883)
	at javax.servlet.http.HttpServlet.service(HttpServlet.java:733)
	at org.apache.catalina.core.ApplicationFilterChain.internalDoFilter(ApplicationFilterChain.java:231)
	at org.apache.catalina.core.ApplicationFilterChain.doFilter(ApplicationFilterChain.java:166)
	at org.apache.tomcat.websocket.server.WsFilter.doFilter(WsFilter.java:53)
	at org.apache.catalina.core.ApplicationFilterChain.internalDoFilter(ApplicationFilterChain.java:193)
	at org.apache.catalina.core.ApplicationFilterChain.doFilter(ApplicationFilterChain.java:166)
	at org.springframework.web.filter.RequestContextFilter.doFilterInternal(RequestContextFilter.java:100)
	at org.springframework.web.filter.OncePerRequestFilter.doFilter(OncePerRequestFilter.java:119)
	at org.apache.catalina.core.ApplicationFilterChain.internalDoFilter(ApplicationFilterChain.java:193)
	at org.apache.catalina.core.ApplicationFilterChain.doFilter(ApplicationFilterChain.java:166)
	at org.springframework.web.filter.FormContentFilter.doFilterInternal(FormContentFilter.java:93)
	at org.springframework.web.filter.OncePerRequestFilter.doFilter(OncePerRequestFilter.java:119)
	at org.apache.catalina.core.ApplicationFilterChain.internalDoFilter(ApplicationFilterChain.java:193)
	at org.apache.catalina.core.ApplicationFilterChain.doFilter(ApplicationFilterChain.java:166)
	at org.springframework.web.filter.CharacterEncodingFilter.doFilterInternal(CharacterEncodingFilter.java:201)
	at org.springframework.web.filter.OncePerRequestFilter.doFilter(OncePerRequestFilter.java:119)
	at org.apache.catalina.core.ApplicationFilterChain.internalDoFilter(ApplicationFilterChain.java:193)
	at org.apache.catalina.core.ApplicationFilterChain.doFilter(ApplicationFilterChain.java:166)
	at org.apache.catalina.core.StandardWrapperValve.invoke(StandardWrapperValve.java:202)
	at org.apache.catalina.core.StandardContextValve.invoke(StandardContextValve.java:97)
	at org.apache.catalina.authenticator.AuthenticatorBase.invoke(AuthenticatorBase.java:542)
	at org.apache.catalina.core.StandardHostValve.invoke(StandardHostValve.java:143)
	at org.apache.catalina.valves.ErrorReportValve.invoke(ErrorReportValve.java:92)
	at org.apache.catalina.core.StandardEngineValve.invoke(StandardEngineValve.java:78)
	at org.apache.catalina.connector.CoyoteAdapter.service(CoyoteAdapter.java:343)
	at org.apache.coyote.http11.Http11Processor.service(Http11Processor.java:374)
	at org.apache.coyote.AbstractProcessorLight.process(AbstractProcessorLight.java:65)
	at org.apache.coyote.AbstractProtocol$ConnectionHandler.process(AbstractProtocol.java:868)
	at org.apache.tomcat.util.net.NioEndpoint$SocketProcessor.doRun(NioEndpoint.java:1590)
	at org.apache.tomcat.util.net.SocketProcessorBase.run(SocketProcessorBase.java:49)
	at java.base/java.util.concurrent.ThreadPoolExecutor.runWorker(ThreadPoolExecutor.java:1136)
	at java.base/java.util.concurrent.ThreadPoolExecutor$Worker.run(ThreadPoolExecutor.java:635)
	at org.apache.tomcat.util.threads.TaskThread$WrappingRunnable.run(TaskThread.java:61)
	at java.base/java.lang.Thread.run(Thread.java:833)

2023-10-30 09:08:40,824 INFO c.n.e.c.TransformerController.prepareEsimProfile [http-nio-8082-exec-6] Request received for prepareEsimProfile
2023-10-30 09:08:40,825 INFO c.n.e.s.TransformerServiceImpl.prepareEsimProfile [http-nio-8082-exec-6] PrepareEsimProfileRequestDto(requestId=1137469, sourceSystem=SDP, iccId=8961026023405422004, smdpName=oberthur, msisdn=, eid=89311012012341234012345678903235, reservationType=EID, releaseFlag=true, orderId=900012)Validating PrepareEsimProfile Request
2023-10-30 09:08:40,825 INFO c.n.e.s.CommonServiceImpl.validatePrepareEsimProfileRequest [http-nio-8082-exec-6] PrepareEsimProfileRequestDto(requestId=1137469, sourceSystem=SDP, iccId=8961026023405422004, smdpName=oberthur, msisdn=, eid=89311012012341234012345678903235, reservationType=EID, releaseFlag=true, orderId=900012)Validation Success - PrepareEsimProfileRequest
2023-10-30 09:08:40,825 INFO c.n.e.s.TransformerServiceImpl.prepareEsimProfile [http-nio-8082-exec-6] PrepareEsimProfileRequestDto(requestId=1137469, sourceSystem=SDP, iccId=8961026023405422004, smdpName=oberthur, msisdn=, eid=89311012012341234012345678903235, reservationType=EID, releaseFlag=true, orderId=900012)Sending Download Order request
2023-10-30 09:08:47,061 INFO c.n.e.s.CommonServiceImpl.sendPostRequest [http-nio-8082-exec-6] Headers :: [Content-Type:"application/json"], Request Body :: {"eid":"89311012012341234012345678903235","iccid":"8961026023405422004","header":{"functionRequesterIdentifier":"1.3.6.1.4.1.19914","functionCallIdentifier":"Optus"}}
2023-10-30 09:08:48,032 INFO c.n.e.s.TransformerServiceImpl.prepareEsimProfile [http-nio-8082-exec-6] PrepareEsimProfileRequestDto(requestId=1137469, sourceSystem=SDP, iccId=8961026023405422004, smdpName=oberthur, msisdn=, eid=89311012012341234012345678903235, reservationType=EID, releaseFlag=true, orderId=900012)Download Order Request Failed with URL http://10.76.117.91:9091/gsma/rsp2/es2plus/downloadOrder , status 200 , response {"iccid":null,"header":{"functionExecutionStatus":{"status":"Failed","statusCodeData":{"subjectCode":"8.2.5","reasonCode":"3.7","subjectIdentifier":null,"message":"PROFILE_TYPE: UNAVAILABLE"}}}}
2023-10-30 09:08:48,652 INFO c.n.e.s.TransformerServiceImpl.prepareEsimProfile [http-nio-8082-exec-6] PrepareEsimProfileRequestDto(requestId=1137469, sourceSystem=SDP, iccId=8961026023405422004, smdpName=oberthur, msisdn=, eid=89311012012341234012345678903235, reservationType=EID, releaseFlag=true, orderId=900012)TenantId is :: 41
2023-10-30 09:08:48,652 INFO c.n.e.s.TransformerServiceImpl.prepareEsimProfile [http-nio-8082-exec-6] PrepareEsimProfileRequestDto(requestId=1137469, sourceSystem=SDP, iccId=8961026023405422004, smdpName=oberthur, msisdn=, eid=89311012012341234012345678903235, reservationType=EID, releaseFlag=true, orderId=900012)Sending AddOrUpdatePrimaryInfo Request to ES
2023-10-30 09:08:52,966 INFO c.n.e.s.CommonServiceImpl.sendPutRequest [http-nio-8082-exec-6] Headers :: [Authorization:"Basic c3VwZXJhZG1pbjpzdXBlcmFkbWlu", Content-Type:"application/json"], Request Body :: {"eid":"89311012012341234012345678903235","iccid":"8961026023405422004","eSimProfileStatus":"Available","inUse":"true","tenantId":"41"}
2023-10-30 09:09:41,851 INFO o.s.b.StartupInfoLogger.logStarting [restartedMain] Starting EsimGatewayTransformerApplication using Java 17.0.7 on N-5CG1417NTF with PID 29828 (C:\Users\shotyagi\Desktop\OPTUS\STS_WS\EsimGatewayTransformer\target\classes started by shotyagi in C:\Users\shotyagi\Desktop\OPTUS\STS_WS\EsimGatewayTransformer)
2023-10-30 09:09:41,862 INFO o.s.b.SpringApplication.logStartupProfileInfo [restartedMain] No active profile set, falling back to default profiles: default
2023-10-30 09:09:41,939 INFO o.s.b.l.DeferredLog.logTo [restartedMain] Devtools property defaults active! Set 'spring.devtools.add-properties' to 'false' to disable
2023-10-30 09:09:41,940 INFO o.s.b.l.DeferredLog.logTo [restartedMain] For additional web related logging consider setting the 'logging.level.web' property to 'DEBUG'
2023-10-30 09:09:43,563 INFO o.s.b.w.e.t.TomcatWebServer.initialize [restartedMain] Tomcat initialized with port(s): 8082 (http)
2023-10-30 09:09:43,578 INFO o.a.j.l.DirectJDKLog.log [restartedMain] Initializing ProtocolHandler ["http-nio-8082"]
2023-10-30 09:09:43,578 INFO o.a.j.l.DirectJDKLog.log [restartedMain] Starting service [Tomcat]
2023-10-30 09:09:43,578 INFO o.a.j.l.DirectJDKLog.log [restartedMain] Starting Servlet engine: [Apache Tomcat/9.0.39]
2023-10-30 09:09:43,700 INFO o.a.j.l.DirectJDKLog.log [restartedMain] Initializing Spring embedded WebApplicationContext
2023-10-30 09:09:43,700 INFO o.s.b.w.s.c.ServletWebServerApplicationContext.prepareWebApplicationContext [restartedMain] Root WebApplicationContext: initialization completed in 1759 ms
2023-10-30 09:09:44,123 INFO o.s.s.c.ExecutorConfigurationSupport.initialize [restartedMain] Initializing ExecutorService 'applicationTaskExecutor'
2023-10-30 09:09:44,602 INFO o.s.b.d.a.OptionalLiveReloadServer.startServer [restartedMain] LiveReload server is running on port 35729
2023-10-30 09:09:44,639 INFO o.a.j.l.DirectJDKLog.log [restartedMain] Starting ProtocolHandler ["http-nio-8082"]
2023-10-30 09:09:44,722 INFO o.s.b.w.e.t.TomcatWebServer.start [restartedMain] Tomcat started on port(s): 8082 (http) with context path '/gsma/rsp2/es2plus'
2023-10-30 09:09:44,743 INFO o.s.b.StartupInfoLogger.logStarted [restartedMain] Started EsimGatewayTransformerApplication in 3.654 seconds (JVM running for 4.846)
2023-10-30 09:10:32,943 INFO o.a.j.l.DirectJDKLog.log [http-nio-8082-exec-3] Initializing Spring DispatcherServlet 'dispatcherServlet'
2023-10-30 09:10:32,944 INFO o.s.w.s.FrameworkServlet.initServletBean [http-nio-8082-exec-3] Initializing Servlet 'dispatcherServlet'
2023-10-30 09:10:32,945 INFO o.s.w.s.FrameworkServlet.initServletBean [http-nio-8082-exec-3] Completed initialization in 1 ms
2023-10-30 09:10:33,126 INFO c.n.e.c.TransformerController.prepareEsimProfile [http-nio-8082-exec-3] Request received for prepareEsimProfile
2023-10-30 09:10:33,127 INFO c.n.e.s.TransformerServiceImpl.prepareEsimProfile [http-nio-8082-exec-3] PrepareEsimProfileRequestDto(requestId=1137469, sourceSystem=SDP, iccId=8961026023405422004, smdpName=oberthur, msisdn=, eid=89311012012341234012345678903235, reservationType=EID, releaseFlag=true, orderId=900012)Validating PrepareEsimProfile Request
2023-10-30 09:10:33,127 INFO c.n.e.s.CommonServiceImpl.validatePrepareEsimProfileRequest [http-nio-8082-exec-3] PrepareEsimProfileRequestDto(requestId=1137469, sourceSystem=SDP, iccId=8961026023405422004, smdpName=oberthur, msisdn=, eid=89311012012341234012345678903235, reservationType=EID, releaseFlag=true, orderId=900012)Validation Success - PrepareEsimProfileRequest
2023-10-30 09:10:33,127 INFO c.n.e.s.TransformerServiceImpl.prepareEsimProfile [http-nio-8082-exec-3] PrepareEsimProfileRequestDto(requestId=1137469, sourceSystem=SDP, iccId=8961026023405422004, smdpName=oberthur, msisdn=, eid=89311012012341234012345678903235, reservationType=EID, releaseFlag=true, orderId=900012)Sending Download Order request
2023-10-30 09:10:41,102 INFO c.n.e.s.CommonServiceImpl.sendPostRequest [http-nio-8082-exec-3] Headers :: [Content-Type:"application/json"], Request Body :: {"eid":"89311012012341234012345678903235","iccid":"8961026023405422004","header":{"functionRequesterIdentifier":"1.3.6.1.4.1.19914","functionCallIdentifier":"Optus"}}
2023-10-30 09:10:41,800 INFO c.n.e.s.TransformerServiceImpl.prepareEsimProfile [http-nio-8082-exec-3] PrepareEsimProfileRequestDto(requestId=1137469, sourceSystem=SDP, iccId=8961026023405422004, smdpName=oberthur, msisdn=, eid=89311012012341234012345678903235, reservationType=EID, releaseFlag=true, orderId=900012)Download Order Request Failed with URL http://10.76.117.91:9091/gsma/rsp2/es2plus/downloadOrder , status 200 , response {"iccid":null,"header":{"functionExecutionStatus":{"status":"Failed","statusCodeData":{"subjectCode":"8.2.5","reasonCode":"3.7","subjectIdentifier":null,"message":"PROFILE_TYPE: UNAVAILABLE"}}}}
2023-10-30 09:10:42,394 INFO c.n.e.s.TransformerServiceImpl.prepareEsimProfile [http-nio-8082-exec-3] PrepareEsimProfileRequestDto(requestId=1137469, sourceSystem=SDP, iccId=8961026023405422004, smdpName=oberthur, msisdn=, eid=89311012012341234012345678903235, reservationType=EID, releaseFlag=true, orderId=900012)TenantId is :: 41
2023-10-30 09:10:42,394 INFO c.n.e.s.TransformerServiceImpl.prepareEsimProfile [http-nio-8082-exec-3] PrepareEsimProfileRequestDto(requestId=1137469, sourceSystem=SDP, iccId=8961026023405422004, smdpName=oberthur, msisdn=, eid=89311012012341234012345678903235, reservationType=EID, releaseFlag=true, orderId=900012)Sending AddOrUpdatePrimaryInfo Request to ES
2023-10-30 09:10:45,313 INFO c.n.e.s.CommonServiceImpl.sendPutRequest [http-nio-8082-exec-3] Headers :: [Authorization:"Basic c3VwZXJhZG1pbjpzdXBlcmFkbWlu", Content-Type:"application/json"], Request Body :: {"eid":"89311012012341234012345678903235","iccid":"8961026023405422004","eSimProfileStatus":"Available","inUse":"true","tenantId":"41"}
2023-10-30 09:10:58,202 ERROR c.n.e.s.TransformerServiceImpl.prepareEsimProfile [http-nio-8082-exec-3] PrepareEsimProfileRequestDto(requestId=1137469, sourceSystem=SDP, iccId=8961026023405422004, smdpName=oberthur, msisdn=, eid=89311012012341234012345678903235, reservationType=EID, releaseFlag=true, orderId=900012)sendPostRequest failed for URL:http://10.76.117.91:9091/gsma/rsp2/es2plus/downloadOrder
2023-10-30 09:10:58,207 ERROR c.n.e.s.TransformerServiceImpl.prepareEsimProfile [http-nio-8082-exec-3] PrepareEsimProfileRequestDto(requestId=1137469, sourceSystem=SDP, iccId=8961026023405422004, smdpName=oberthur, msisdn=, eid=89311012012341234012345678903235, reservationType=EID, releaseFlag=true, orderId=900012)org.json.JSONException: JSONObject["subjectIdentifier"] is not a string (class org.json.JSONObject$Null : null).
	at org.json.JSONObject.wrongValueFormatException(JSONObject.java:2698)
	at org.json.JSONObject.getString(JSONObject.java:861)
	at com.nokia.esim.service.TransformerServiceImpl.getStatusCodeData(TransformerServiceImpl.java:659)
	at com.nokia.esim.service.TransformerServiceImpl.prepareEsimProfile(TransformerServiceImpl.java:186)
	at com.nokia.esim.service.TransformerServiceImpl.prepareEsimProfile(TransformerServiceImpl.java:151)
	at com.nokia.esim.controller.TransformerController.prepareEsimProfile(TransformerController.java:87)
	at java.base/jdk.internal.reflect.NativeMethodAccessorImpl.invoke0(Native Method)
	at java.base/jdk.internal.reflect.NativeMethodAccessorImpl.invoke(NativeMethodAccessorImpl.java:77)
	at java.base/jdk.internal.reflect.DelegatingMethodAccessorImpl.invoke(DelegatingMethodAccessorImpl.java:43)
	at java.base/java.lang.reflect.Method.invoke(Method.java:568)
	at org.springframework.web.method.support.InvocableHandlerMethod.doInvoke(InvocableHandlerMethod.java:197)
	at org.springframework.web.method.support.InvocableHandlerMethod.invokeForRequest(InvocableHandlerMethod.java:141)
	at org.springframework.web.servlet.mvc.method.annotation.ServletInvocableHandlerMethod.invokeAndHandle(ServletInvocableHandlerMethod.java:106)
	at org.springframework.web.servlet.mvc.method.annotation.RequestMappingHandlerAdapter.invokeHandlerMethod(RequestMappingHandlerAdapter.java:893)
	at org.springframework.web.servlet.mvc.method.annotation.RequestMappingHandlerAdapter.handleInternal(RequestMappingHandlerAdapter.java:807)
	at org.springframework.web.servlet.mvc.method.AbstractHandlerMethodAdapter.handle(AbstractHandlerMethodAdapter.java:87)
	at org.springframework.web.servlet.DispatcherServlet.doDispatch(DispatcherServlet.java:1061)
	at org.springframework.web.servlet.DispatcherServlet.doService(DispatcherServlet.java:961)
	at org.springframework.web.servlet.FrameworkServlet.processRequest(FrameworkServlet.java:1006)
	at org.springframework.web.servlet.FrameworkServlet.doPost(FrameworkServlet.java:909)
	at javax.servlet.http.HttpServlet.service(HttpServlet.java:652)
	at org.springframework.web.servlet.FrameworkServlet.service(FrameworkServlet.java:883)
	at javax.servlet.http.HttpServlet.service(HttpServlet.java:733)
	at org.apache.catalina.core.ApplicationFilterChain.internalDoFilter(ApplicationFilterChain.java:231)
	at org.apache.catalina.core.ApplicationFilterChain.doFilter(ApplicationFilterChain.java:166)
	at org.apache.tomcat.websocket.server.WsFilter.doFilter(WsFilter.java:53)
	at org.apache.catalina.core.ApplicationFilterChain.internalDoFilter(ApplicationFilterChain.java:193)
	at org.apache.catalina.core.ApplicationFilterChain.doFilter(ApplicationFilterChain.java:166)
	at org.springframework.web.filter.RequestContextFilter.doFilterInternal(RequestContextFilter.java:100)
	at org.springframework.web.filter.OncePerRequestFilter.doFilter(OncePerRequestFilter.java:119)
	at org.apache.catalina.core.ApplicationFilterChain.internalDoFilter(ApplicationFilterChain.java:193)
	at org.apache.catalina.core.ApplicationFilterChain.doFilter(ApplicationFilterChain.java:166)
	at org.springframework.web.filter.FormContentFilter.doFilterInternal(FormContentFilter.java:93)
	at org.springframework.web.filter.OncePerRequestFilter.doFilter(OncePerRequestFilter.java:119)
	at org.apache.catalina.core.ApplicationFilterChain.internalDoFilter(ApplicationFilterChain.java:193)
	at org.apache.catalina.core.ApplicationFilterChain.doFilter(ApplicationFilterChain.java:166)
	at org.springframework.web.filter.CharacterEncodingFilter.doFilterInternal(CharacterEncodingFilter.java:201)
	at org.springframework.web.filter.OncePerRequestFilter.doFilter(OncePerRequestFilter.java:119)
	at org.apache.catalina.core.ApplicationFilterChain.internalDoFilter(ApplicationFilterChain.java:193)
	at org.apache.catalina.core.ApplicationFilterChain.doFilter(ApplicationFilterChain.java:166)
	at org.apache.catalina.core.StandardWrapperValve.invoke(StandardWrapperValve.java:202)
	at org.apache.catalina.core.StandardContextValve.invoke(StandardContextValve.java:97)
	at org.apache.catalina.authenticator.AuthenticatorBase.invoke(AuthenticatorBase.java:542)
	at org.apache.catalina.core.StandardHostValve.invoke(StandardHostValve.java:143)
	at org.apache.catalina.valves.ErrorReportValve.invoke(ErrorReportValve.java:92)
	at org.apache.catalina.core.StandardEngineValve.invoke(StandardEngineValve.java:78)
	at org.apache.catalina.connector.CoyoteAdapter.service(CoyoteAdapter.java:343)
	at org.apache.coyote.http11.Http11Processor.service(Http11Processor.java:374)
	at org.apache.coyote.AbstractProcessorLight.process(AbstractProcessorLight.java:65)
	at org.apache.coyote.AbstractProtocol$ConnectionHandler.process(AbstractProtocol.java:868)
	at org.apache.tomcat.util.net.NioEndpoint$SocketProcessor.doRun(NioEndpoint.java:1590)
	at org.apache.tomcat.util.net.SocketProcessorBase.run(SocketProcessorBase.java:49)
	at java.base/java.util.concurrent.ThreadPoolExecutor.runWorker(ThreadPoolExecutor.java:1136)
	at java.base/java.util.concurrent.ThreadPoolExecutor$Worker.run(ThreadPoolExecutor.java:635)
	at org.apache.tomcat.util.threads.TaskThread$WrappingRunnable.run(TaskThread.java:61)
	at java.base/java.lang.Thread.run(Thread.java:833)

2023-10-30 09:10:58,208 ERROR c.n.e.c.TransformerController.prepareEsimProfile [http-nio-8082-exec-3] com.nokia.esim.exception.TransformerException: JSONObject["subjectIdentifier"] is not a string (class org.json.JSONObject$Null : null).
	at com.nokia.esim.service.TransformerServiceImpl.prepareEsimProfile(TransformerServiceImpl.java:232)
	at com.nokia.esim.service.TransformerServiceImpl.prepareEsimProfile(TransformerServiceImpl.java:151)
	at com.nokia.esim.controller.TransformerController.prepareEsimProfile(TransformerController.java:87)
	at java.base/jdk.internal.reflect.NativeMethodAccessorImpl.invoke0(Native Method)
	at java.base/jdk.internal.reflect.NativeMethodAccessorImpl.invoke(NativeMethodAccessorImpl.java:77)
	at java.base/jdk.internal.reflect.DelegatingMethodAccessorImpl.invoke(DelegatingMethodAccessorImpl.java:43)
	at java.base/java.lang.reflect.Method.invoke(Method.java:568)
	at org.springframework.web.method.support.InvocableHandlerMethod.doInvoke(InvocableHandlerMethod.java:197)
	at org.springframework.web.method.support.InvocableHandlerMethod.invokeForRequest(InvocableHandlerMethod.java:141)
	at org.springframework.web.servlet.mvc.method.annotation.ServletInvocableHandlerMethod.invokeAndHandle(ServletInvocableHandlerMethod.java:106)
	at org.springframework.web.servlet.mvc.method.annotation.RequestMappingHandlerAdapter.invokeHandlerMethod(RequestMappingHandlerAdapter.java:893)
	at org.springframework.web.servlet.mvc.method.annotation.RequestMappingHandlerAdapter.handleInternal(RequestMappingHandlerAdapter.java:807)
	at org.springframework.web.servlet.mvc.method.AbstractHandlerMethodAdapter.handle(AbstractHandlerMethodAdapter.java:87)
	at org.springframework.web.servlet.DispatcherServlet.doDispatch(DispatcherServlet.java:1061)
	at org.springframework.web.servlet.DispatcherServlet.doService(DispatcherServlet.java:961)
	at org.springframework.web.servlet.FrameworkServlet.processRequest(FrameworkServlet.java:1006)
	at org.springframework.web.servlet.FrameworkServlet.doPost(FrameworkServlet.java:909)
	at javax.servlet.http.HttpServlet.service(HttpServlet.java:652)
	at org.springframework.web.servlet.FrameworkServlet.service(FrameworkServlet.java:883)
	at javax.servlet.http.HttpServlet.service(HttpServlet.java:733)
	at org.apache.catalina.core.ApplicationFilterChain.internalDoFilter(ApplicationFilterChain.java:231)
	at org.apache.catalina.core.ApplicationFilterChain.doFilter(ApplicationFilterChain.java:166)
	at org.apache.tomcat.websocket.server.WsFilter.doFilter(WsFilter.java:53)
	at org.apache.catalina.core.ApplicationFilterChain.internalDoFilter(ApplicationFilterChain.java:193)
	at org.apache.catalina.core.ApplicationFilterChain.doFilter(ApplicationFilterChain.java:166)
	at org.springframework.web.filter.RequestContextFilter.doFilterInternal(RequestContextFilter.java:100)
	at org.springframework.web.filter.OncePerRequestFilter.doFilter(OncePerRequestFilter.java:119)
	at org.apache.catalina.core.ApplicationFilterChain.internalDoFilter(ApplicationFilterChain.java:193)
	at org.apache.catalina.core.ApplicationFilterChain.doFilter(ApplicationFilterChain.java:166)
	at org.springframework.web.filter.FormContentFilter.doFilterInternal(FormContentFilter.java:93)
	at org.springframework.web.filter.OncePerRequestFilter.doFilter(OncePerRequestFilter.java:119)
	at org.apache.catalina.core.ApplicationFilterChain.internalDoFilter(ApplicationFilterChain.java:193)
	at org.apache.catalina.core.ApplicationFilterChain.doFilter(ApplicationFilterChain.java:166)
	at org.springframework.web.filter.CharacterEncodingFilter.doFilterInternal(CharacterEncodingFilter.java:201)
	at org.springframework.web.filter.OncePerRequestFilter.doFilter(OncePerRequestFilter.java:119)
	at org.apache.catalina.core.ApplicationFilterChain.internalDoFilter(ApplicationFilterChain.java:193)
	at org.apache.catalina.core.ApplicationFilterChain.doFilter(ApplicationFilterChain.java:166)
	at org.apache.catalina.core.StandardWrapperValve.invoke(StandardWrapperValve.java:202)
	at org.apache.catalina.core.StandardContextValve.invoke(StandardContextValve.java:97)
	at org.apache.catalina.authenticator.AuthenticatorBase.invoke(AuthenticatorBase.java:542)
	at org.apache.catalina.core.StandardHostValve.invoke(StandardHostValve.java:143)
	at org.apache.catalina.valves.ErrorReportValve.invoke(ErrorReportValve.java:92)
	at org.apache.catalina.core.StandardEngineValve.invoke(StandardEngineValve.java:78)
	at org.apache.catalina.connector.CoyoteAdapter.service(CoyoteAdapter.java:343)
	at org.apache.coyote.http11.Http11Processor.service(Http11Processor.java:374)
	at org.apache.coyote.AbstractProcessorLight.process(AbstractProcessorLight.java:65)
	at org.apache.coyote.AbstractProtocol$ConnectionHandler.process(AbstractProtocol.java:868)
	at org.apache.tomcat.util.net.NioEndpoint$SocketProcessor.doRun(NioEndpoint.java:1590)
	at org.apache.tomcat.util.net.SocketProcessorBase.run(SocketProcessorBase.java:49)
	at java.base/java.util.concurrent.ThreadPoolExecutor.runWorker(ThreadPoolExecutor.java:1136)
	at java.base/java.util.concurrent.ThreadPoolExecutor$Worker.run(ThreadPoolExecutor.java:635)
	at org.apache.tomcat.util.threads.TaskThread$WrappingRunnable.run(TaskThread.java:61)
	at java.base/java.lang.Thread.run(Thread.java:833)

